<?xml version="1.0" encoding="UTF-8"?>
<testsuite xmlns:xsi="http://www.w3.org/2001/XMLSchema-instance" xsi:noNamespaceSchemaLocation="https://maven.apache.org/surefire/maven-surefire-plugin/xsd/surefire-test-report-3.0.xsd" version="3.0" name="BancoServiceTest" time="1.154" tests="6" errors="0" skipped="0" failures="1">
  <properties>
[...]
</properties>
  <testcase name="testSacarComSucesso" classname="BancoServiceTest" time="1.085"/>
  <testcase name="testSacarSaldoInsuficiente" classname="BancoServiceTest" time="0.012">
    <failure message="Expected java.lang.IllegalArgumentException to be thrown, but nothing was thrown." type="org.opentest4j.AssertionFailedError"><![CDATA[org.opentest4j.AssertionFailedError: Expected java.lang.IllegalArgumentException to be thrown, but nothing was thrown.
	at org.junit.jupiter.api.AssertionFailureBuilder.build(AssertionFailureBuilder.java:152)
	at org.junit.jupiter.api.AssertThrows.assertThrows(AssertThrows.java:73)
	at org.junit.jupiter.api.AssertThrows.assertThrows(AssertThrows.java:35)
	at org.junit.jupiter.api.Assertions.assertThrows(Assertions.java:3128)
	at BancoServiceTest.testSacarSaldoInsuficiente(TesteBancoService.java:70)
	at java.base/java.lang.reflect.Method.invoke(Method.java:568)
	at java.base/java.util.ArrayList.forEach(ArrayList.java:1511)
	at java.base/java.util.ArrayList.forEach(ArrayList.java:1511)
]]></failure>
    <system-out><![CDATA[Saldo insuficiente!
]]></system-out>
  </testcase>
  <testcase name="testConsultarSaldoComSucesso" classname="BancoServiceTest" time="0.003"/>
  <testcase name="testDepositarValorNegativo" classname="BancoServiceTest" time="0.004"/>
  <testcase name="testDepositarComSucesso" classname="BancoServiceTest" time="0.003"/>
  <testcase name="testContaNaoEncontrada" classname="BancoServiceTest" time="0.004"/>
</testsuite>